0 info it worked if it ends with ok
1 verbose cli [ '/usr/bin/node', '/usr/bin/npm', 'run', 'lint' ]
2 info using npm@3.5.2
3 info using node@v8.10.0
4 verbose run-script [ 'prelint', 'lint', 'postlint' ]
5 info lifecycle colored-blocks@1.0.0~prelint: colored-blocks@1.0.0
6 silly lifecycle colored-blocks@1.0.0~prelint: no script for prelint, continuing
7 info lifecycle colored-blocks@1.0.0~lint: colored-blocks@1.0.0
8 verbose lifecycle colored-blocks@1.0.0~lint: unsafe-perm in lifecycle true
9 verbose lifecycle colored-blocks@1.0.0~lint: PATH: /usr/share/npm/bin/node-gyp-bin:/home/serhii/Desktop/Mate/Lesson1/layout_colored-blocks/node_modules/.bin:/home/serhii/.rvm/gems/ruby-2.6.0/bin:/home/serhii/.rvm/gems/ruby-2.6.0@global/bin:/home/serhii/.rvm/rubies/ruby-2.6.0/bin:/usr/local/sbin:/usr/local/bin:/usr/sbin:/usr/bin:/sbin:/bin:/usr/games:/usr/local/games:/snap/bin:/home/serhii/.rvm/bin:/home/serhii/.rvm/bin
10 verbose lifecycle colored-blocks@1.0.0~lint: CWD: /home/serhii/Desktop/Mate/Lesson1/layout_colored-blocks
11 silly lifecycle colored-blocks@1.0.0~lint: Args: [ '-c',
11 silly lifecycle   'stylelint src/**/*.css && eslint src/**/*.js && htmllint --rc ./node_modules/@mate-academy/htmllint-config/.htmllintrc src/*.html' ]
12 silly lifecycle colored-blocks@1.0.0~lint: Returned: code: 1  signal: null
13 info lifecycle colored-blocks@1.0.0~lint: Failed to exec lint script
14 verbose stack Error: colored-blocks@1.0.0 lint: `stylelint src/**/*.css && eslint src/**/*.js && htmllint --rc ./node_modules/@mate-academy/htmllint-config/.htmllintrc src/*.html`
14 verbose stack Exit status 1
14 verbose stack     at EventEmitter.<anonymous> (/usr/share/npm/lib/utils/lifecycle.js:232:16)
14 verbose stack     at emitTwo (events.js:126:13)
14 verbose stack     at EventEmitter.emit (events.js:214:7)
14 verbose stack     at ChildProcess.<anonymous> (/usr/share/npm/lib/utils/spawn.js:24:14)
14 verbose stack     at emitTwo (events.js:126:13)
14 verbose stack     at ChildProcess.emit (events.js:214:7)
14 verbose stack     at maybeClose (internal/child_process.js:925:16)
14 verbose stack     at Process.ChildProcess._handle.onexit (internal/child_process.js:209:5)
15 verbose pkgid colored-blocks@1.0.0
16 verbose cwd /home/serhii/Desktop/Mate/Lesson1/layout_colored-blocks
17 error Linux 4.15.0-54-generic
18 error argv "/usr/bin/node" "/usr/bin/npm" "run" "lint"
19 error node v8.10.0
20 error npm  v3.5.2
21 error code ELIFECYCLE
22 error colored-blocks@1.0.0 lint: `stylelint src/**/*.css && eslint src/**/*.js && htmllint --rc ./node_modules/@mate-academy/htmllint-config/.htmllintrc src/*.html`
22 error Exit status 1
23 error Failed at the colored-blocks@1.0.0 lint script 'stylelint src/**/*.css && eslint src/**/*.js && htmllint --rc ./node_modules/@mate-academy/htmllint-config/.htmllintrc src/*.html'.
23 error Make sure you have the latest version of node.js and npm installed.
23 error If you do, this is most likely a problem with the colored-blocks package,
23 error not with npm itself.
23 error Tell the author that this fails on your system:
23 error     stylelint src/**/*.css && eslint src/**/*.js && htmllint --rc ./node_modules/@mate-academy/htmllint-config/.htmllintrc src/*.html
23 error You can get information on how to open an issue for this project with:
23 error     npm bugs colored-blocks
23 error Or if that isn't available, you can get their info via:
23 error     npm owner ls colored-blocks
23 error There is likely additional logging output above.
24 verbose exit [ 1, true ]
